<?xml version="1.0" encoding="UTF-8"?>
<!-- Generated by org.testng.reporters.JUnitReportReporter -->
<testsuite hostname="DESKTOP-59HQ26K" failures="0" tests="3" name="Grouping.SanityNFunction" time="0.055" errors="0" timestamp="2025-07-20T22:12:49 IST" skipped="0">
  <testcase classname="Grouping.SanityNFunction" name="m3" time="0.011"/>
  <testcase classname="Grouping.SanityNFunction" name="m1" time="0.040"/>
  <testcase classname="Grouping.SanityNFunction" name="m2" time="0.004"/>
</testsuite> <!-- Grouping.SanityNFunction -->
