<?xml version="1.0" encoding="UTF-8"?>
<!-- Generated by org.testng.reporters.JUnitReportReporter -->
<testsuite hostname="DESKTOP-59HQ26K" failures="0" tests="1" name="MyListeners.OpencartLogin" time="13.946" errors="0" timestamp="2025-09-12T20:33:28 IST" skipped="0">
  <testcase classname="MyListeners.OpencartLogin" name="verifylogin" time="13.946">
    <system-out>
      <![CDATA[Test Case is Passed]]>
    </system-out>
  </testcase> <!-- verifylogin -->
  <system-out>
    <![CDATA[Test Case is Passed]]>
  </system-out>
</testsuite> <!-- MyListeners.OpencartLogin -->
