<?xml version="1.0" encoding="UTF-8"?>
<!-- Generated by org.testng.reporters.JUnitReportReporter -->
<testsuite hostname="DESKTOP-59HQ26K" failures="0" tests="3" name="Grouping.SanityGroup" time="0.042" errors="0" timestamp="2025-07-20T22:10:15 IST" skipped="0">
  <testcase classname="Grouping.SanityGroup" name="m2" time="0.004"/>
  <testcase classname="Grouping.SanityGroup" name="m1" time="0.034"/>
  <testcase classname="Grouping.SanityGroup" name="m3" time="0.004"/>
</testsuite> <!-- Grouping.SanityGroup -->
