<?xml version="1.0" encoding="UTF-8"?>
<!-- Generated by org.testng.reporters.JUnitReportReporter -->
<testsuite hostname="DESKTOP-59HQ26K" failures="0" tests="3" name="Grouping.FuntionalGroup" time="0.037" errors="0" timestamp="2025-07-20T22:13:55 IST" skipped="0">
  <testcase classname="Grouping.FuntionalGroup" name="m2" time="0.004"/>
  <testcase classname="Grouping.FuntionalGroup" name="m1" time="0.028"/>
  <testcase classname="Grouping.FuntionalGroup" name="m3" time="0.005"/>
</testsuite> <!-- Grouping.FuntionalGroup -->
