<?xml version="1.0" encoding="UTF-8"?>
<!-- Generated by org.testng.reporters.JUnitReportReporter -->
<testsuite hostname="DESKTOP-59HQ26K" failures="0" tests="1" name="DataProvider.DataProvider" time="6.074" errors="0" timestamp="2025-06-23T22:48:40 IST" skipped="0">
  <testcase classname="DataProvider.DataProvider" name="testLogin" time="6.074"/>
</testsuite> <!-- DataProvider.DataProvider -->
