<?xml version="1.0" encoding="UTF-8"?>
<!-- Generated by org.testng.reporters.JUnitReportReporter -->
<testsuite hostname="DESKTOP-59HQ26K" failures="0" tests="1" name="Grid.Standalone" time="6.490" errors="0" timestamp="2025-06-21T23:34:13 IST" skipped="0">
  <testcase classname="Grid.Standalone" name="Gridstandalone" time="6.490"/>
</testsuite> <!-- Grid.Standalone -->
